<?xml version="1.0" encoding="UTF-8"?>
<testng-results skipped="0" failed="0" ignored="0" total="1" passed="1">
  <reporter-output>
  </reporter-output>
  <suite name="Command line suite" duration-ms="37" started-at="2018-09-06T10:13:17Z" finished-at="2018-09-06T10:13:17Z">
    <groups>
    </groups>
    <test name="Command line test" duration-ms="37" started-at="2018-09-06T10:13:17Z" finished-at="2018-09-06T10:13:17Z">
      <class name="com.zensar.seleniumProject.AppTest">
        <test-method status="PASS" signature="testApp()[pri:0, instance:testApp(com.zensar.seleniumProject.AppTest)]" name="testApp" duration-ms="1" started-at="2018-09-06T10:13:17Z" finished-at="2018-09-06T10:13:17Z">
          <reporter-output>
          </reporter-output>
        </test-method> <!-- testApp -->
      </class> <!-- com.zensar.seleniumProject.AppTest -->
    </test> <!-- Command line test -->
  </suite> <!-- Command line suite -->
</testng-results>
