<?xml version="1.0" encoding="UTF-8"?>
<testng-results skipped="0" failed="0" ignored="0" total="1" passed="1">
  <reporter-output>
  </reporter-output>
  <suite name="Command line suite" duration-ms="13676" started-at="2018-09-06T12:22:41Z" finished-at="2018-09-06T12:22:54Z">
    <groups>
    </groups>
    <test name="Command line test" duration-ms="13676" started-at="2018-09-06T12:22:41Z" finished-at="2018-09-06T12:22:54Z">
      <class name="com.zensar.seleniumProject.FirstTest">
        <test-method status="PASS" signature="test()[pri:0, instance:com.zensar.seleniumProject.FirstTest@77556fd]" name="test" duration-ms="13629" started-at="2018-09-06T12:22:41Z" finished-at="2018-09-06T12:22:54Z">
          <reporter-output>
          </reporter-output>
        </test-method> <!-- test -->
      </class> <!-- com.zensar.seleniumProject.FirstTest -->
    </test> <!-- Command line test -->
  </suite> <!-- Command line suite -->
</testng-results>
