<?xml version="1.0" encoding="UTF-8"?>
<testng-results skipped="0" failed="0" ignored="0" total="1" passed="1">
  <reporter-output>
  </reporter-output>
  <suite name="Suite" duration-ms="19453" started-at="2018-09-12T10:48:24Z" finished-at="2018-09-12T10:48:44Z">
    <groups>
    </groups>
    <test name="Test" duration-ms="19453" started-at="2018-09-12T10:48:24Z" finished-at="2018-09-12T10:48:44Z">
      <class name="com.zensar.seleniumProject.FirstTest">
        <test-method status="PASS" signature="test()[pri:0, instance:com.zensar.seleniumProject.FirstTest@506e6d5e]" name="test" duration-ms="19368" started-at="2018-09-12T10:48:24Z" finished-at="2018-09-12T10:48:44Z">
          <reporter-output>
          </reporter-output>
        </test-method> <!-- test -->
      </class> <!-- com.zensar.seleniumProject.FirstTest -->
    </test> <!-- Test -->
  </suite> <!-- Suite -->
</testng-results>
